Copyright 1986-2017 Xilinx, Inc. All Rights Reserved.
------------------------------------------------------------------------------------
| Tool Version : Vivado v.2017.4 (win64) Build 2086221 Fri Dec 15 20:55:39 MST 2017
| Date         : Thu Mar 21 17:14:09 2019
| Host         : DESKTOP-2MGBQ5C running 64-bit major release  (build 9200)
| Command      : upgrade_ip
| Device       : xc7z045ffg900-2
------------------------------------------------------------------------------------

Upgrade Log for IP 'base_zynq_myip_0_0'

1. Summary
----------

SUCCESS in the upgrade of base_zynq_myip_0_0 from xilinx.com:user:myip:1.15 (Rev. 1) to xilinx.com:user:myip:1.16 (Rev. 1)






Copyright 1986-2017 Xilinx, Inc. All Rights Reserved.
------------------------------------------------------------------------------------
| Tool Version : Vivado v.2017.4 (win64) Build 2086221 Fri Dec 15 20:55:39 MST 2017
| Date         : Wed Mar 20 19:42:34 2019
| Host         : DESKTOP-2MGBQ5C running 64-bit major release  (build 9200)
| Command      : upgrade_ip
| Device       : xc7z045ffg900-2
------------------------------------------------------------------------------------

Upgrade Log for IP 'base_zynq_myip_0_0'

1. Summary
----------

SUCCESS in the upgrade of base_zynq_myip_0_0 from xilinx.com:user:myip:1.10 (Rev. 1) to xilinx.com:user:myip:1.15 (Rev. 1)






Copyright 1986-2017 Xilinx, Inc. All Rights Reserved.
------------------------------------------------------------------------------------
| Tool Version : Vivado v.2017.4 (win64) Build 2086221 Fri Dec 15 20:55:39 MST 2017
| Date         : Tue Mar 19 19:26:21 2019
| Host         : DESKTOP-2MGBQ5C running 64-bit major release  (build 9200)
| Command      : upgrade_ip
| Device       : xc7z045ffg900-2
------------------------------------------------------------------------------------

Upgrade Log for IP 'base_zynq_myip_0_0'

1. Summary
----------

SUCCESS in the upgrade of base_zynq_myip_0_0 from xilinx.com:user:myip:1.1 (Rev. 3) to xilinx.com:user:myip:1.10 (Rev. 1)






Copyright 1986-2017 Xilinx, Inc. All Rights Reserved.
------------------------------------------------------------------------------------
| Tool Version : Vivado v.2017.4 (win64) Build 2086221 Fri Dec 15 20:55:39 MST 2017
| Date         : Tue Mar 19 17:56:49 2019
| Host         : DESKTOP-2MGBQ5C running 64-bit major release  (build 9200)
| Command      : upgrade_ip
| Device       : xc7z045ffg900-2
------------------------------------------------------------------------------------

Upgrade Log for IP 'base_zynq_myip_0_0'

1. Summary
----------

CAUTION (success, with warnings) in the upgrade of base_zynq_myip_0_0 (xilinx.com:user:myip:1.1) from (Rev. 2) to (Rev. 3)

After upgrade, an IP may have parameter differences compared to the original customization. Please review the parameters within the IP customization GUI to ensure proper functionality.

2. Customization warnings
-------------------------

Parameter 'C_S00_AXIS_TDATA_WIDTH' is no longer present on the upgraded IP 'base_zynq_myip_0_0', and cannot be set to '32'

Parameter 'C_M00_AXIS_TDATA_WIDTH' is no longer present on the upgraded IP 'base_zynq_myip_0_0', and cannot be set to '32'

Parameter 'C_M00_AXIS_START_COUNT' is no longer present on the upgraded IP 'base_zynq_myip_0_0', and cannot be set to '32'


3. Debug Commands
-----------------

  The following debug information can be passed to Vivado as Tcl commands,
in order to validate or debug the output of the upgrade flow.
  You may consult any warnings from within this upgrade, and alter or remove
the configuration parameter(s) which caused the warning; then execute the Tcl
commands, and use the IP Customization GUI to verify the IP configuration.

create_ip -vlnv xilinx.com:user:myip:1.1 -user_name base_zynq_myip_0_0
set_property -dict "\
  CONFIG.Component_Name {base_zynq_myip_0_0} \
  CONFIG.M00_AXIS.CLK_DOMAIN {} \
  CONFIG.M00_AXIS.FREQ_HZ {100000000} \
  CONFIG.M00_AXIS.HAS_TKEEP {0} \
  CONFIG.M00_AXIS.HAS_TLAST {1} \
  CONFIG.M00_AXIS.HAS_TREADY {1} \
  CONFIG.M00_AXIS.HAS_TSTRB {1} \
  CONFIG.M00_AXIS.LAYERED_METADATA {undef} \
  CONFIG.M00_AXIS.PHASE {0.000} \
  CONFIG.M00_AXIS.TDATA_NUM_BYTES {4} \
  CONFIG.M00_AXIS.TDEST_WIDTH {0} \
  CONFIG.M00_AXIS.TID_WIDTH {0} \
  CONFIG.M00_AXIS.TUSER_WIDTH {0} \
  CONFIG.M00_AXIS.WIZ_DATA_WIDTH {32} \
  CONFIG.M00_AXIS_CLK.ASSOCIATED_BUSIF {M00_AXIS} \
  CONFIG.M00_AXIS_CLK.ASSOCIATED_RESET {m00_axis_aresetn} \
  CONFIG.M00_AXIS_CLK.CLK_DOMAIN {} \
  CONFIG.M00_AXIS_CLK.FREQ_HZ {100000000} \
  CONFIG.M00_AXIS_CLK.PHASE {0.000} \
  CONFIG.M00_AXIS_RST.POLARITY {ACTIVE_LOW} \
  CONFIG.S00_AXIS.CLK_DOMAIN {} \
  CONFIG.S00_AXIS.FREQ_HZ {100000000} \
  CONFIG.S00_AXIS.HAS_TKEEP {0} \
  CONFIG.S00_AXIS.HAS_TLAST {1} \
  CONFIG.S00_AXIS.HAS_TREADY {1} \
  CONFIG.S00_AXIS.HAS_TSTRB {1} \
  CONFIG.S00_AXIS.LAYERED_METADATA {undef} \
  CONFIG.S00_AXIS.PHASE {0.000} \
  CONFIG.S00_AXIS.TDATA_NUM_BYTES {4} \
  CONFIG.S00_AXIS.TDEST_WIDTH {0} \
  CONFIG.S00_AXIS.TID_WIDTH {0} \
  CONFIG.S00_AXIS.TUSER_WIDTH {0} \
  CONFIG.S00_AXIS.WIZ_DATA_WIDTH {32} \
  CONFIG.S00_AXIS_CLK.ASSOCIATED_BUSIF {S00_AXIS} \
  CONFIG.S00_AXIS_CLK.ASSOCIATED_RESET {s00_axis_aresetn} \
  CONFIG.S00_AXIS_CLK.CLK_DOMAIN {} \
  CONFIG.S00_AXIS_CLK.FREQ_HZ {100000000} \
  CONFIG.S00_AXIS_CLK.PHASE {0.000} \
  CONFIG.S00_AXIS_RST.POLARITY {ACTIVE_LOW} " [get_ips base_zynq_myip_0_0]







Copyright 1986-2017 Xilinx, Inc. All Rights Reserved.
------------------------------------------------------------------------------------
| Tool Version : Vivado v.2017.4 (win64) Build 2086221 Fri Dec 15 20:55:39 MST 2017
| Date         : Tue Mar 19 17:49:54 2019
| Host         : DESKTOP-2MGBQ5C running 64-bit major release  (build 9200)
| Command      : upgrade_ip
| Device       : xc7z045ffg900-2
------------------------------------------------------------------------------------

Upgrade Log for IP 'base_zynq_myip_0_0'

1. Summary
----------

SUCCESS in the upgrade of base_zynq_myip_0_0 (xilinx.com:user:myip:1.1) from (Rev. 1) to (Rev. 2)






Copyright 1986-2017 Xilinx, Inc. All Rights Reserved.
------------------------------------------------------------------------------------
| Tool Version : Vivado v.2017.4 (win64) Build 2086221 Fri Dec 15 20:55:39 MST 2017
| Date         : Fri Feb 15 16:14:04 2019
| Host         : Toshiba running 64-bit Service Pack 1  (build 7601)
| Command      : upgrade_ip
| Device       : xc7z045ffg900-2
------------------------------------------------------------------------------------

Upgrade Log for IP 'base_zynq_myip_0_1'

1. Summary
----------

SUCCESS in the upgrade of base_zynq_myip_0_1 from xilinx.com:user:myip:1.1 (Rev. 1) to xilinx.com:user:myip:1.3 (Rev. 1)






Copyright 1986-2017 Xilinx, Inc. All Rights Reserved.
------------------------------------------------------------------------------------
| Tool Version : Vivado v.2017.4 (win64) Build 2086221 Fri Dec 15 20:55:39 MST 2017
| Date         : Fri Feb 15 15:34:51 2019
| Host         : Toshiba running 64-bit Service Pack 1  (build 7601)
| Command      : upgrade_ip
| Device       : xc7z045ffg900-2
------------------------------------------------------------------------------------

Upgrade Log for IP 'base_zynq_myip_0_0'

1. Summary
----------

SUCCESS in the upgrade of base_zynq_myip_0_0 from xilinx.com:user:myip:1.1 (Rev. 1) to xilinx.com:user:myip:1.2 (Rev. 1)

